#
# There is insufficient memory for the Java Runtime Environment to continue.
# Native memory allocation (malloc) failed to allocate 32784 bytes for Chunk::new
# Possible reasons:
#   The system is out of physical RAM or swap space
#   In 32 bit mode, the process size limit was hit
# Possible solutions:
#   Reduce memory load on the system
#   Increase physical memory or swap space
#   Check if swap backing store is full
#   Use 64 bit Java on a 64 bit OS
#   Decrease Java heap size (-Xmx/-Xms)
#   Decrease number of Java threads
#   Decrease Java thread stack sizes (-Xss)
#   Set larger code cache with -XX:ReservedCodeCacheSize=
# This output file may be truncated or incomplete.
#
#  Out of Memory Error (allocation.cpp:390), pid=10712, tid=0x0000000000001390
#
# JRE version: Java(TM) SE Runtime Environment (8.0_121-b13) (build 1.8.0_121-b13)
# Java VM: Java HotSpot(TM) 64-Bit Server VM (25.121-b13 mixed mode windows-amd64 compressed oops)
# Failed to write core dump. Minidumps are not enabled by default on client versions of Windows
#

---------------  T H R E A D  ---------------

Current thread (0x0000000014d76800):  JavaThread "C2 CompilerThread1" daemon [_thread_in_native, id=5008, stack(0x0000000016470000,0x0000000016570000)]

Stack: [0x0000000016470000,0x0000000016570000]
[error occurred during error reporting (printing stack bounds), id 0xc0000005]

Native frames: (J=compiled Java code, j=interpreted, Vv=VM code, C=native code)


Current CompileTask:
C2:   9362 4041       4       org.springframework.core.annotation.AnnotationUtils::postProcessAnnotationAttributes (150 bytes)


---------------  P R O C E S S  ---------------

Java Threads: ( => current thread )
  0x000000001889a800 JavaThread "HikariPool-1 connection adder" daemon [_thread_blocked, id=2608, stack(0x000000001d620000,0x000000001d720000)]
  0x000000001889c000 JavaThread "HikariPool-1 housekeeper" daemon [_thread_blocked, id=4176, stack(0x000000001d520000,0x000000001d620000)]
  0x00000000188fe000 JavaThread "Abandoned connection cleanup thread" daemon [_thread_blocked, id=8980, stack(0x000000001ad50000,0x000000001ae50000)]
  0x0000000016d9f800 JavaThread "ReaderThread" [_thread_in_native, id=7360, stack(0x0000000017470000,0x0000000017570000)]
  0x00000000166a2800 JavaThread "Service Thread" daemon [_thread_blocked, id=6000, stack(0x0000000016a70000,0x0000000016b70000)]
  0x0000000014d7b800 JavaThread "C1 CompilerThread2" daemon [_thread_blocked, id=3500, stack(0x0000000016570000,0x0000000016670000)]
=>0x0000000014d76800 JavaThread "C2 CompilerThread1" daemon [_thread_in_native, id=5008, stack(0x0000000016470000,0x0000000016570000)]
  0x0000000014d22800 JavaThread "C2 CompilerThread0" daemon [_thread_in_native, id=4376, stack(0x0000000016370000,0x0000000016470000)]
  0x0000000014d21800 JavaThread "Attach Listener" daemon [_thread_blocked, id=4900, stack(0x0000000016270000,0x0000000016370000)]
  0x0000000014d20000 JavaThread "Signal Dispatcher" daemon [_thread_blocked, id=8424, stack(0x0000000016170000,0x0000000016270000)]
  0x00000000026fe800 JavaThread "Finalizer" daemon [_thread_blocked, id=5620, stack(0x0000000015f80000,0x0000000016080000)]
  0x00000000026f5000 JavaThread "Reference Handler" daemon [_thread_blocked, id=5560, stack(0x0000000015e80000,0x0000000015f80000)]
  0x0000000002605000 JavaThread "main" [_thread_in_native, id=4436, stack(0x0000000002500000,0x0000000002600000)]

Other Threads:
  0x0000000014ce7000 VMThread [stack: 0x0000000015d80000,0x0000000015e80000] [id=11036]
  0x00000000166f2000 WatcherThread [stack: 0x0000000016b70000,0x0000000016c70000] [id=8068]

VM state:not at safepoint (normal execution)

VM Mutex/Monitor currently owned by a thread: None

Heap:
 PSYoungGen      total 155136K, used 96438K [0x00000000eb100000, 0x00000000f6f00000, 0x0000000100000000)
  eden space 145920K, 66% used [0x00000000eb100000,0x00000000f0f2d9d0,0x00000000f3f80000)
  from space 9216K, 0% used [0x00000000f4a80000,0x00000000f4a80000,0x00000000f5380000)
  to   space 11264K, 0% used [0x00000000f3f80000,0x00000000f3f80000,0x00000000f4a80000)
 ParOldGen       total 50688K, used 16376K [0x00000000c1200000, 0x00000000c4380000, 0x00000000eb100000)
  object space 50688K, 32% used [0x00000000c1200000,0x00000000c21fe328,0x00000000c4380000)
 Metaspace       used 43573K, capacity 44994K, committed 45184K, reserved 1087488K
  class space    used 5840K, capacity 6158K, committed 6272K, reserved 1048576K

Card table byte_map: [0x0000000011ac0000,0x0000000011cc0000] byte_map_base: 0x00000000114b7000

Marking Bits: (ParMarkBitMap*) 0x0000000077f7b6d0
 Begin Bits: [0x0000000012210000, 0x00000000131c8000)
 End Bits:   [0x00000000131c8000, 0x0000000014180000)

Polling page: 0x00000000007f0000

CodeCache: size=245760Kb used=14265Kb max_used=14276Kb free=231494Kb
 bounds [0x0000000002700000, 0x0000000003500000, 0x0000000011700000]
 total_blobs=4546 nmethods=4025 adapters=433
 compilation: enabled

Compilation events (10 events):
Event: 9.310 Thread 0x0000000014d7b800 4061       3       org.springframework.core.MethodClassKey::equals (55 bytes)
Event: 9.311 Thread 0x0000000014d7b800 nmethod 4061 0x00000000034f3550 code [0x00000000034f36e0, 0x00000000034f3c58]
Event: 9.327 Thread 0x0000000014d22800 nmethod 4057 0x00000000034f7310 code [0x00000000034f74e0, 0x00000000034f7e68]
Event: 9.327 Thread 0x0000000014d22800 4060       4       java.lang.Class::searchMethods (90 bytes)
Event: 9.341 Thread 0x0000000014d22800 nmethod 4060 0x00000000034f8710 code [0x00000000034f8880, 0x00000000034f8e68]
Event: 9.341 Thread 0x0000000014d22800 4062       4       java.util.HashMap$HashIterator::<init> (79 bytes)
Event: 9.348 Thread 0x0000000014d22800 nmethod 4062 0x00000000034f3f10 code [0x00000000034f4060, 0x00000000034f4318]
Event: 9.350 Thread 0x0000000014d22800 4063   !   4       org.springframework.core.annotation.AnnotatedElementUtils::searchWithFindSemantics (773 bytes)
Event: 9.351 Thread 0x0000000014d7b800 4064       1       org.springframework.util.ConcurrentReferenceHashMap$SoftEntryReference::getNext (5 bytes)
Event: 9.351 Thread 0x0000000014d7b800 nmethod 4064 0x00000000034f7050 code [0x00000000034f71a0, 0x00000000034f72b0]

GC Heap History (10 events):
Event: 2.937 GC heap before
{Heap before GC invocations=8 (full 1):
 PSYoungGen      total 71168K, used 3168K [0x00000000eb100000, 0x00000000f3c00000, 0x0000000100000000)
  eden space 64000K, 0% used [0x00000000eb100000,0x00000000eb100000,0x00000000eef80000)
  from space 7168K, 44% used [0x00000000eef80000,0x00000000ef2982d8,0x00000000ef680000)
  to   space 7168K, 0% used [0x00000000f3500000,0x00000000f3500000,0x00000000f3c00000)
 ParOldGen       total 44032K, used 8586K [0x00000000c1200000, 0x00000000c3d00000, 0x00000000eb100000)
  object space 44032K, 19% used [0x00000000c1200000,0x00000000c1a62ae8,0x00000000c3d00000)
 Metaspace       used 20593K, capacity 21200K, committed 21248K, reserved 1067008K
  class space    used 2649K, capacity 2809K, committed 2816K, reserved 1048576K
Event: 2.984 GC heap after
Heap after GC invocations=8 (full 1):
 PSYoungGen      total 71168K, used 0K [0x00000000eb100000, 0x00000000f3c00000, 0x0000000100000000)
  eden space 64000K, 0% used [0x00000000eb100000,0x00000000eb100000,0x00000000eef80000)
  from space 7168K, 0% used [0x00000000eef80000,0x00000000eef80000,0x00000000ef680000)
  to   space 7168K, 0% used [0x00000000f3500000,0x00000000f3500000,0x00000000f3c00000)
 ParOldGen       total 29184K, used 5262K [0x00000000c1200000, 0x00000000c2e80000, 0x00000000eb100000)
  object space 29184K, 18% used [0x00000000c1200000,0x00000000c1723a08,0x00000000c2e80000)
 Metaspace       used 20593K, capacity 21200K, committed 21248K, reserved 1067008K
  class space    used 2649K, capacity 2809K, committed 2816K, reserved 1048576K
}
Event: 3.743 GC heap before
{Heap before GC invocations=9 (full 1):
 PSYoungGen      total 71168K, used 64000K [0x00000000eb100000, 0x00000000f3c00000, 0x0000000100000000)
  eden space 64000K, 100% used [0x00000000eb100000,0x00000000eef80000,0x00000000eef80000)
  from space 7168K, 0% used [0x00000000eef80000,0x00000000eef80000,0x00000000ef680000)
  to   space 7168K, 0% used [0x00000000f3500000,0x00000000f3500000,0x00000000f3c00000)
 ParOldGen       total 29184K, used 5262K [0x00000000c1200000, 0x00000000c2e80000, 0x00000000eb100000)
  object space 29184K, 18% used [0x00000000c1200000,0x00000000c1723a08,0x00000000c2e80000)
 Metaspace       used 24996K, capacity 25762K, committed 25984K, reserved 1071104K
  class space    used 3214K, capacity 3392K, committed 3456K, reserved 1048576K
Event: 3.751 GC heap after
Heap after GC invocations=9 (full 1):
 PSYoungGen      total 113152K, used 5512K [0x00000000eb100000, 0x00000000f3a80000, 0x0000000100000000)
  eden space 107520K, 0% used [0x00000000eb100000,0x00000000eb100000,0x00000000f1a00000)
  from space 5632K, 97% used [0x00000000f3500000,0x00000000f3a620a8,0x00000000f3a80000)
  to   space 7168K, 0% used [0x00000000f2c80000,0x00000000f2c80000,0x00000000f3380000)
 ParOldGen       total 29184K, used 5334K [0x00000000c1200000, 0x00000000c2e80000, 0x00000000eb100000)
  object space 29184K, 18% used [0x00000000c1200000,0x00000000c1735a18,0x00000000c2e80000)
 Metaspace       used 24996K, capacity 25762K, committed 25984K, reserved 1071104K
  class space    used 3214K, capacity 3392K, committed 3456K, reserved 1048576K
}
Event: 5.510 GC heap before
{Heap before GC invocations=10 (full 1):
 PSYoungGen      total 113152K, used 113032K [0x00000000eb100000, 0x00000000f3a80000, 0x0000000100000000)
  eden space 107520K, 100% used [0x00000000eb100000,0x00000000f1a00000,0x00000000f1a00000)
  from space 5632K, 97% used [0x00000000f3500000,0x00000000f3a620a8,0x00000000f3a80000)
  to   space 7168K, 0% used [0x00000000f2c80000,0x00000000f2c80000,0x00000000f3380000)
 ParOldGen       total 29184K, used 5334K [0x00000000c1200000, 0x00000000c2e80000, 0x00000000eb100000)
  object space 29184K, 18% used [0x00000000c1200000,0x00000000c1735a18,0x00000000c2e80000)
 Metaspace       used 29404K, capacity 30548K, committed 30720K, reserved 1075200K
  class space    used 3822K, capacity 4073K, committed 4096K, reserved 1048576K
Event: 5.523 GC heap after
Heap after GC invocations=10 (full 1):
 PSYoungGen      total 133632K, used 7157K [0x00000000eb100000, 0x00000000f5380000, 0x0000000100000000)
  eden space 126464K, 0% used [0x00000000eb100000,0x00000000eb100000,0x00000000f2c80000)
  from space 7168K, 99% used [0x00000000f2c80000,0x00000000f337d410,0x00000000f3380000)
  to   space 9216K, 0% used [0x00000000f4a80000,0x00000000f4a80000,0x00000000f5380000)
 ParOldGen       total 29184K, used 7713K [0x00000000c1200000, 0x00000000c2e80000, 0x00000000eb100000)
  object space 29184K, 26% used [0x00000000c1200000,0x00000000c19887d8,0x00000000c2e80000)
 Metaspace       used 29404K, capacity 30548K, committed 30720K, reserved 1075200K
  class space    used 3822K, capacity 4073K, committed 4096K, reserved 1048576K
}
Event: 6.760 GC heap before
{Heap before GC invocations=11 (full 1):
 PSYoungGen      total 133632K, used 59566K [0x00000000eb100000, 0x00000000f5380000, 0x0000000100000000)
  eden space 126464K, 41% used [0x00000000eb100000,0x00000000ee42e560,0x00000000f2c80000)
  from space 7168K, 99% used [0x00000000f2c80000,0x00000000f337d410,0x00000000f3380000)
  to   space 9216K, 0% used [0x00000000f4a80000,0x00000000f4a80000,0x00000000f5380000)
 ParOldGen       total 29184K, used 7713K [0x00000000c1200000, 0x00000000c2e80000, 0x00000000eb100000)
  object space 29184K, 26% used [0x00000000c1200000,0x00000000c19887d8,0x00000000c2e80000)
 Metaspace       used 34102K, capacity 35372K, committed 35416K, reserved 1081344K
  class space    used 4341K, capacity 4605K, committed 4608K, reserved 1048576K
Event: 6.775 GC heap after
Heap after GC invocations=11 (full 1):
 PSYoungGen      total 155136K, used 9184K [0x00000000eb100000, 0x00000000f6f00000, 0x0000000100000000)
  eden space 145920K, 0% used [0x00000000eb100000,0x00000000eb100000,0x00000000f3f80000)
  from space 9216K, 99% used [0x00000000f4a80000,0x00000000f5378338,0x00000000f5380000)
  to   space 11264K, 0% used [0x00000000f3f80000,0x00000000f3f80000,0x00000000f4a80000)
 ParOldGen       total 29184K, used 10570K [0x00000000c1200000, 0x00000000c2e80000, 0x00000000eb100000)
  object space 29184K, 36% used [0x00000000c1200000,0x00000000c1c52ba0,0x00000000c2e80000)
 Metaspace       used 34102K, capacity 35372K, committed 35416K, reserved 1081344K
  class space    used 4341K, capacity 4605K, committed 4608K, reserved 1048576K
}
Event: 6.775 GC heap before
{Heap before GC invocations=12 (full 2):
 PSYoungGen      total 155136K, used 9184K [0x00000000eb100000, 0x00000000f6f00000, 0x0000000100000000)
  eden space 145920K, 0% used [0x00000000eb100000,0x00000000eb100000,0x00000000f3f80000)
  from space 9216K, 99% used [0x00000000f4a80000,0x00000000f5378338,0x00000000f5380000)
  to   space 11264K, 0% used [0x00000000f3f80000,0x00000000f3f80000,0x00000000f4a80000)
 ParOldGen       total 29184K, used 10570K [0x00000000c1200000, 0x00000000c2e80000, 0x00000000eb100000)
  object space 29184K, 36% used [0x00000000c1200000,0x00000000c1c52ba0,0x00000000c2e80000)
 Metaspace       used 34102K, capacity 35372K, committed 35416K, reserved 1081344K
  class space    used 4341K, capacity 4605K, committed 4608K, reserved 1048576K
Event: 6.864 GC heap after
Heap after GC invocations=12 (full 2):
 PSYoungGen      total 155136K, used 0K [0x00000000eb100000, 0x00000000f6f00000, 0x0000000100000000)
  eden space 145920K, 0% used [0x00000000eb100000,0x00000000eb100000,0x00000000f3f80000)
  from space 9216K, 0% used [0x00000000f4a80000,0x00000000f4a80000,0x00000000f5380000)
  to   space 11264K, 0% used [0x00000000f3f80000,0x00000000f3f80000,0x00000000f4a80000)
 ParOldGen       total 50688K, used 16376K [0x00000000c1200000, 0x00000000c4380000, 0x00000000eb100000)
  object space 50688K, 32% used [0x00000000c1200000,0x00000000c21fe328,0x00000000c4380000)
 Metaspace       used 34102K, capacity 35372K, committed 35416K, reserved 1081344K
  class space    used 4341K, capacity 4605K, committed 4608K, reserved 1048576K
}

Deoptimization events (10 events):
Event: 9.059 Thread 0x0000000002605000 Uncommon trap: reason=unstable_if action=reinterpret pc=0x0000000002e2ac08 method=java.lang.String$CaseInsensitiveComparator.compare(Ljava/lang/String;Ljava/lang/String;)I @ 70
Event: 9.123 Thread 0x0000000002605000 Uncommon trap: reason=unstable_if action=reinterpret pc=0x000000000280383c method=java.lang.CharacterDataLatin1.isWhitespace(I)Z @ 14
Event: 9.123 Thread 0x0000000002605000 Uncommon trap: reason=unstable_if action=reinterpret pc=0x00000000029f06fc method=java.lang.CharacterDataLatin1.isWhitespace(I)Z @ 14
Event: 9.187 Thread 0x0000000002605000 Uncommon trap: reason=class_check action=maybe_recompile pc=0x00000000031e9370 method=org.springframework.beans.factory.support.AbstractBeanFactory.isTypeMatch(Ljava/lang/String;Lorg/springframework/core/ResolvableType;)Z @ 47
Event: 9.192 Thread 0x0000000002605000 Uncommon trap: reason=class_check action=maybe_recompile pc=0x00000000031e9370 method=org.springframework.beans.factory.support.AbstractBeanFactory.isTypeMatch(Ljava/lang/String;Lorg/springframework/core/ResolvableType;)Z @ 47
Event: 9.229 Thread 0x0000000002605000 Uncommon trap: reason=unstable_if action=reinterpret pc=0x0000000002e02bc4 method=org.springframework.asm.ClassReader.readUTF(II[C)Ljava/lang/String; @ 77
Event: 9.254 Thread 0x0000000002605000 Uncommon trap: reason=unstable_if action=reinterpret pc=0x000000000335ee60 method=java.util.concurrent.ConcurrentHashMap.get(Ljava/lang/Object;)Ljava/lang/Object; @ 152
Event: 9.256 Thread 0x0000000002605000 Uncommon trap: reason=unstable_if action=reinterpret pc=0x000000000316409c method=org.springframework.util.ConcurrentReferenceHashMap$Segment.findInChain(Lorg/springframework/util/ConcurrentReferenceHashMap$Reference;Ljava/lang/Object;I)Lorg/springframewo
Event: 9.256 Thread 0x0000000002605000 Uncommon trap: reason=unstable_if action=reinterpret pc=0x0000000002e9b9dc method=org.springframework.util.ConcurrentReferenceHashMap$Segment.findInChain(Lorg/springframework/util/ConcurrentReferenceHashMap$Reference;Ljava/lang/Object;I)Lorg/springframewo
Event: 9.330 Thread 0x0000000002605000 Uncommon trap: reason=class_check action=maybe_recompile pc=0x00000000031e9370 method=org.springframework.beans.factory.support.AbstractBeanFactory.isTypeMatch(Ljava/lang/String;Lorg/springframework/core/ResolvableType;)Z @ 47

Internal exceptions (10 events):
Event: 9.308 Thread 0x0000000002605000 Exception <a 'java/lang/ClassNotFoundException': org/springframework/orm/jpa/EntityManagerProxyCustomizer> (0x00000000f0ae30d8) thrown at [C:\re\workspace\8-2-build-windows-amd64-cygwin\jdk8u121\8372\hotspot\src\share\vm\classfile\systemDictionary.cpp, li
Event: 9.313 Thread 0x0000000002605000 Exception <a 'java/lang/ClassNotFoundException': java/lang/ObjectCustomizer> (0x00000000f0b3a598) thrown at [C:\re\workspace\8-2-build-windows-amd64-cygwin\jdk8u121\8372\hotspot\src\share\vm\classfile\systemDictionary.cpp, line 210]
Event: 9.315 Thread 0x0000000002605000 Exception <a 'java/lang/ClassNotFoundException': org/springframework/beans/factory/config/AbstractFactoryBeanCustomizer> (0x00000000f0b5d7c8) thrown at [C:\re\workspace\8-2-build-windows-amd64-cygwin\jdk8u121\8372\hotspot\src\share\vm\classfile\systemDict
Event: 9.317 Thread 0x0000000002605000 Exception <a 'java/lang/ClassNotFoundException': org/springframework/data/jpa/repository/config/JpaMetamodelMappingContextFactoryBeanCustomizer> (0x00000000f0b8d6d0) thrown at [C:\re\workspace\8-2-build-windows-amd64-cygwin\jdk8u121\8372\hotspot\src\share
Event: 9.318 Thread 0x0000000002605000 Exception <a 'java/lang/ClassNotFoundException': org/springframework/context/ApplicationContextAwareCustomizer> (0x00000000f0bb5e78) thrown at [C:\re\workspace\8-2-build-windows-amd64-cygwin\jdk8u121\8372\hotspot\src\share\vm\classfile\systemDictionary.cp
Event: 9.319 Thread 0x0000000002605000 Exception <a 'java/lang/ClassNotFoundException': org/springframework/beans/factory/FactoryBeanCustomizer> (0x00000000f0bd2e68) thrown at [C:\re\workspace\8-2-build-windows-amd64-cygwin\jdk8u121\8372\hotspot\src\share\vm\classfile\systemDictionary.cpp, lin
Event: 9.320 Thread 0x0000000002605000 Exception <a 'java/lang/ClassNotFoundException': org/springframework/beans/factory/BeanClassLoaderAwareCustomizer> (0x00000000f0bf4230) thrown at [C:\re\workspace\8-2-build-windows-amd64-cygwin\jdk8u121\8372\hotspot\src\share\vm\classfile\systemDictionary
Event: 9.321 Thread 0x0000000002605000 Exception <a 'java/lang/ClassNotFoundException': org/springframework/beans/factory/BeanFactoryAwareCustomizer> (0x00000000f0c121d0) thrown at [C:\re\workspace\8-2-build-windows-amd64-cygwin\jdk8u121\8372\hotspot\src\share\vm\classfile\systemDictionary.cpp
Event: 9.322 Thread 0x0000000002605000 Exception <a 'java/lang/ClassNotFoundException': org/springframework/beans/factory/InitializingBeanCustomizer> (0x00000000f0c306c8) thrown at [C:\re\workspace\8-2-build-windows-amd64-cygwin\jdk8u121\8372\hotspot\src\share\vm\classfile\systemDictionary.cpp
Event: 9.323 Thread 0x0000000002605000 Exception <a 'java/lang/ClassNotFoundException': org/springframework/beans/factory/DisposableBeanCustomizer> (0x00000000f0c4cdd0) thrown at [C:\re\workspace\8-2-build-windows-amd64-cygwin\jdk8u121\8372\hotspot\src\share\vm\classfile\systemDictionary.cpp, 

Events (10 events):
Event: 9.349 loading class org/springframework/data/mapping/context/AbstractMappingContext
Event: 9.349 loading class org/springframework/data/mapping/context/AbstractMappingContext done
Event: 9.352 loading class org/springframework/data/mapping/model/Property
Event: 9.352 loading class org/springframework/data/mapping/model/Property done
Event: 9.353 loading class org/springframework/data/jpa/mapping/JpaPersistentEntityImpl
Event: 9.353 loading class org/springframework/data/jpa/mapping/JpaPersistentEntityImpl done
Event: 9.353 loading class org/springframework/data/jpa/mapping/JpaPersistentEntity
Event: 9.353 loading class org/springframework/data/jpa/mapping/JpaPersistentEntity done
Event: 9.354 loading class org/springframework/data/mapping/model/BasicPersistentEntity
Event: 9.354 loading class org/springframework/data/mapping/model/BasicPersistentEntity done


Dynamic libraries:
0x00007ff627ad0000 - 0x00007ff627b07000 	C:\Program Files\Java\jdk1.8.0_121\bin\javaw.exe
0x00007ff94f110000 - 0x00007ff94f2e2000 	C:\windows\SYSTEM32\ntdll.dll
0x00007ff94caa0000 - 0x00007ff94cb4c000 	C:\windows\System32\KERNEL32.DLL
0x00007ff94bb30000 - 0x00007ff94bd4d000 	C:\windows\System32\KERNELBASE.dll
0x00007ff94ce10000 - 0x00007ff94ceb2000 	C:\windows\System32\ADVAPI32.dll
0x00007ff94c8c0000 - 0x00007ff94c95e000 	C:\windows\System32\msvcrt.dll
0x00007ff94f0b0000 - 0x00007ff94f109000 	C:\windows\System32\sechost.dll
0x00007ff94cc80000 - 0x00007ff94cda1000 	C:\windows\System32\RPCRT4.dll
0x00007ff94eb70000 - 0x00007ff94ecd5000 	C:\windows\System32\USER32.dll
0x00007ff94be50000 - 0x00007ff94be6e000 	C:\windows\System32\win32u.dll
0x00007ff94ed80000 - 0x00007ff94edb4000 	C:\windows\System32\GDI32.dll
0x00007ff94b8b0000 - 0x00007ff94ba30000 	C:\windows\System32\gdi32full.dll
0x00007ff93ba30000 - 0x00007ff93bcaa000 	C:\windows\WinSxS\amd64_microsoft.windows.common-controls_6595b64144ccf1df_6.0.14393.953_none_42151e83c686086b\COMCTL32.dll
0x00007ff94ede0000 - 0x00007ff94f0a8000 	C:\windows\System32\combase.dll
0x00007ff94ba30000 - 0x00007ff94bb25000 	C:\windows\System32\ucrtbase.dll
0x00007ff94b670000 - 0x00007ff94b6da000 	C:\windows\System32\bcryptPrimitives.dll
0x00007ff94cb50000 - 0x00007ff94cb7e000 	C:\windows\System32\IMM32.DLL
0x00000000503d0000 - 0x00000000504a2000 	C:\Program Files\Java\jdk1.8.0_121\jre\bin\msvcr100.dll
0x0000000077760000 - 0x0000000077ffb000 	C:\Program Files\Java\jdk1.8.0_121\jre\bin\server\jvm.dll
0x00007ff94ea20000 - 0x00007ff94ea28000 	C:\windows\System32\PSAPI.DLL
0x00007ff9435f0000 - 0x00007ff9435f9000 	C:\windows\SYSTEM32\WSOCK32.dll
0x00007ff949ac0000 - 0x00007ff949ae3000 	C:\windows\SYSTEM32\WINMM.dll
0x00007ff936b00000 - 0x00007ff936b0a000 	C:\windows\SYSTEM32\VERSION.dll
0x00007ff949a90000 - 0x00007ff949abb000 	C:\windows\SYSTEM32\WINMMBASE.dll
0x00007ff94be00000 - 0x00007ff94be42000 	C:\windows\System32\cfgmgr32.dll
0x00007ff94eb00000 - 0x00007ff94eb6a000 	C:\windows\System32\WS2_32.dll
0x00000000503c0000 - 0x00000000503cf000 	C:\Program Files\Java\jdk1.8.0_121\jre\bin\verify.dll
0x0000000050390000 - 0x00000000503b9000 	C:\Program Files\Java\jdk1.8.0_121\jre\bin\java.dll
0x0000000050340000 - 0x0000000050356000 	C:\Program Files\Java\jdk1.8.0_121\jre\bin\zip.dll
0x00007ff94d0e0000 - 0x00007ff94e5e9000 	C:\windows\System32\SHELL32.dll
0x00007ff94bfc0000 - 0x00007ff94c699000 	C:\windows\System32\windows.storage.dll
0x00007ff94b5b0000 - 0x00007ff94b5fc000 	C:\windows\System32\powrprof.dll
0x00007ff94eaa0000 - 0x00007ff94eaf2000 	C:\windows\System32\shlwapi.dll
0x00007ff94b600000 - 0x00007ff94b60f000 	C:\windows\System32\kernel.appcore.dll
0x00007ff94bd50000 - 0x00007ff94bdf9000 	C:\windows\System32\shcore.dll
0x00007ff94b580000 - 0x00007ff94b594000 	C:\windows\System32\profapi.dll
0x0000000050320000 - 0x000000005033a000 	C:\Program Files\Java\jdk1.8.0_121\jre\bin\net.dll
0x00007ff94aeb0000 - 0x00007ff94af0c000 	C:\windows\system32\mswsock.dll
0x0000000050040000 - 0x000000005004d000 	C:\Program Files\Java\jdk1.8.0_121\jre\bin\management.dll
0x00007ff931a80000 - 0x00007ff931a96000 	C:\windows\system32\napinsp.dll
0x00007ff931aa0000 - 0x00007ff931aba000 	C:\windows\system32\pnrpnsp.dll
0x00007ff948cb0000 - 0x00007ff948cc8000 	C:\windows\system32\NLAapi.dll
0x00007ff94ac80000 - 0x00007ff94ad21000 	C:\windows\SYSTEM32\DNSAPI.dll
0x00007ff94edc0000 - 0x00007ff94edc8000 	C:\windows\System32\NSI.dll
0x00007ff94ac30000 - 0x00007ff94ac68000 	C:\windows\SYSTEM32\IPHLPAPI.DLL
0x00007ff931c60000 - 0x00007ff931c6e000 	C:\windows\System32\winrnr.dll
0x00007ff944110000 - 0x00007ff944125000 	C:\windows\System32\wshbth.dll
0x00007ff9397a0000 - 0x00007ff9397aa000 	C:\Windows\System32\rasadhlp.dll
0x00007ff93b970000 - 0x00007ff93b9da000 	C:\windows\System32\fwpuclnt.dll
0x00007ff94b160000 - 0x00007ff94b18b000 	C:\windows\SYSTEM32\bcrypt.dll
0x0000000050300000 - 0x0000000050311000 	C:\Program Files\Java\jdk1.8.0_121\jre\bin\nio.dll
0x00007ff94b050000 - 0x00007ff94b067000 	C:\windows\SYSTEM32\CRYPTSP.dll
0x00007ff94aab0000 - 0x00007ff94aae3000 	C:\windows\system32\rsaenh.dll
0x00007ff94ad30000 - 0x00007ff94ad4f000 	C:\windows\SYSTEM32\USERENV.dll
0x00007ff94b070000 - 0x00007ff94b07b000 	C:\windows\SYSTEM32\CRYPTBASE.dll
0x00007ff942ac0000 - 0x00007ff942ad6000 	C:\windows\SYSTEM32\dhcpcsvc6.DLL
0x00007ff942aa0000 - 0x00007ff942aba000 	C:\windows\SYSTEM32\dhcpcsvc.DLL

VM Arguments:
jvm_args: -ea -Dfile.encoding=UTF-8 
java_command: org.eclipse.jdt.internal.junit.runner.RemoteTestRunner -version 3 -port 63001 -testLoaderClass org.eclipse.jdt.internal.junit4.runner.JUnit4TestLoader -loaderpluginname org.eclipse.jdt.junit4.runtime -classNames com.cognizant.service.UserServiceTest
java_class_path (initial): C:\Users\gaura\Documents\FSD\ProjectManagementSystem\target\test-classes;C:\Users\gaura\Documents\FSD\ProjectManagementSystem\target\classes;C:\Users\gaura\.m2\repository\org\springframework\boot\spring-boot-starter-data-jpa\2.0.5.RELEASE\spring-boot-starter-data-jpa-2.0.5.RELEASE.jar;C:\Users\gaura\.m2\repository\org\springframework\boot\spring-boot-starter\2.0.5.RELEASE\spring-boot-starter-2.0.5.RELEASE.jar;C:\Users\gaura\.m2\repository\org\springframework\boot\spring-boot-starter-logging\2.0.5.RELEASE\spring-boot-starter-logging-2.0.5.RELEASE.jar;C:\Users\gaura\.m2\repository\ch\qos\logback\logback-classic\1.2.3\logback-classic-1.2.3.jar;C:\Users\gaura\.m2\repository\ch\qos\logback\logback-core\1.2.3\logback-core-1.2.3.jar;C:\Users\gaura\.m2\repository\org\apache\logging\log4j\log4j-to-slf4j\2.10.0\log4j-to-slf4j-2.10.0.jar;C:\Users\gaura\.m2\repository\org\apache\logging\log4j\log4j-api\2.10.0\log4j-api-2.10.0.jar;C:\Users\gaura\.m2\repository\org\slf4j\jul-to-slf4j\1.7.25\jul-to-slf4j-1.7.25.jar;C:\Users\gaura\.m2\repository\javax\annotation\javax.annotation-api\1.3.2\javax.annotation-api-1.3.2.jar;C:\Users\gaura\.m2\repository\org\yaml\snakeyaml\1.19\snakeyaml-1.19.jar;C:\Users\gaura\.m2\repository\org\springframework\boot\spring-boot-starter-aop\2.0.5.RELEASE\spring-boot-starter-aop-2.0.5.RELEASE.jar;C:\Users\gaura\.m2\repository\org\springframework\spring-aop\5.0.9.RELEASE\spring-aop-5.0.9.RELEASE.jar;C:\Users\gaura\.m2\repository\org\aspectj\aspectjweaver\1.8.13\aspectjweaver-1.8.13.jar;C:\Users\gaura\.m2\repository\org\springframework\boot\spring-boot-starter-jdbc\2.0.5.RELEASE\spring-boot-starter-jdbc-2.0.5.RELEASE.jar;C:\Users\gaura\.m2\repository\com\zaxxer\HikariCP\2.7.9\HikariCP-2.7.9.jar;C:\Users\gaura\.m2\repository\org\springframework\spring-jdbc\5.0.9.RELEASE\spring-jdbc-5.0.9.RELEASE.jar;C:\Users\gaura\.m2\repository\javax\transaction\javax.transaction-api\1.2\javax.transaction-api-1.2.jar;C:\Users\gaura\.m2\repositor
Launcher Type: SUN_STANDARD

Environment Variables:
JAVA_HOME=C:\Program Files\Java\jdk1.8.0_121
JRE_HOME=C:\Program Files\Java\jdk1.8.0_121
PATH=C:/Program Files/Java/jdk1.8.0_121/bin/../jre/bin/server;C:/Program Files/Java/jdk1.8.0_121/bin/../jre/bin;C:/Program Files/Java/jdk1.8.0_121/bin/../jre/lib/amd64;C:\windows\system32;C:\windows;C:\Program Files\Java\jdk1.8.0_121\bin;C:\Program Files\Java\jdk1.7.0_80\bin;C:\windows\System32\Wbem;C:\windows\System32\WindowsPowerShell\v1.0\;C:\Gaurav\software\apache-maven-3.5.0\bin;C:\Program Files\Java\jre7\bin;C:\Program Files\Cloud Foundry;C:\Gaurav\software\minikube-master;C:\Gaurav\nodejs\;C:\Program Files (x86)\WinMerge;C:\Program Files\Microsoft\Web Platform Installer\;C:\Users\gaura\AppData\Local\Microsoft\WindowsApps;C:\Program Files\Java\jdk1.8.0_121\bin;C:\Program Files\Java\jdk1.7.0_80\bin;C:\Gaurav\software\apache-maven-3.5.0\bin;C:\Program Files\Java\jre7\bin;C:\Gaurav\software\minikube-master;C:\Users\gaura\AppData\Roaming\npm;C:\Program Files\Microsoft VS Code\bin;C:\Users\gaura\AppData\Local\Programs\Fiddler;C:\Gaurav\software\spring-tool-suite-3.8.4.RELEASE-e4.6.3-win32-x86_64\sts-bundle\sts-3.8.4.RELEASE;
USERNAME=gaura
OS=Windows_NT
PROCESSOR_IDENTIFIER=Intel64 Family 6 Model 78 Stepping 3, GenuineIntel



---------------  S Y S T E M  ---------------

OS: Windows 10.0 , 64 bit Build 14393 (10.0.14393.2214)

CPU:total 4 (2 cores per cpu, 2 threads per core) family 6 model 78 stepping 3, cmov, cx8, fxsr, mmx, sse, sse2, sse3, ssse3, sse4.1, sse4.2, popcnt, avx, avx2, aes, clmul, erms, 3dnowpref, lzcnt, ht, tsc, tscinvbit, bmi1, bmi2, adx

Memory: 4k page, physical 4117576k(751620k free), swap 15744452k(3428k free)

vm_info: Java HotSpot(TM) 64-Bit Server VM (25.121-b13) for windows-amd64 JRE (1.8.0_121-b13), built on Dec 12 2016 18:21:36 by "java_re" with MS VC++ 10.0 (VS2010)

time: Tue Dec 25 22:51:41 2018
elapsed time: 9 seconds (0d 0h 0m 9s)

